Questionable use of curly braces in "filetype={cir}"
    Error: undefined symbol in: "[cir]"
Questionable use of curly braces in "key id={demo}"
    Error: undefined symbol in: "[demo]"
Questionable use of curly braces in "name={battery}"
    Error: undefined symbol in: "[battery]"
Questionable use of curly braces in "name={capacitor}"
    Error: undefined symbol in: "[capacitor]"
Questionable use of curly braces in "name={ground}"
    Error: undefined symbol in: "[ground]"
Questionable use of curly braces in "name={minus.root}"
    Error: undefined symbol in: "[minus.root]"
Questionable use of curly braces in "name={opamp5}"
    Error: undefined symbol in: "[opamp5]"
Questionable use of curly braces in "name={opamp.root}"
    Error: undefined symbol in: "[opamp.root]"
Questionable use of curly braces in "name={plus.root}"
    Error: undefined symbol in: "[plus.root]"
Questionable use of curly braces in "name={resistor}"
    Error: undefined symbol in: "[resistor]"
Questionable use of curly braces in "name={spice_v}"
    Error: undefined symbol in: "[spice_v]"
Questionable use of curly braces in "name={vsource.root}"
    Error: undefined symbol in: "[vsource.root]"
Questionable use of curly braces in "fcolor={none}"
    Error: undefined symbol in: "[none]"
Questionable use of curly braces in "name={opamp}"
    Error: undefined symbol in: "[opamp]"
Questionable use of curly braces in "definition={opamp}"
    Error: undefined symbol in: "[opamp]"
Questionable use of curly braces in "shape={opamp5}"
    Error: undefined symbol in: "[opamp5]"
Questionable use of curly braces in "memo={opamp}"
    Error: undefined symbol in: "[opamp]"
Questionable use of curly braces in "name={battery}"
    Error: undefined symbol in: "[battery]"
Questionable use of curly braces in "definition={battery}"
    Error: undefined symbol in: "[battery]"
Questionable use of curly braces in "shape={battery}"
    Error: undefined symbol in: "[battery]"
Questionable use of curly braces in "memo={battery}"
    Error: undefined symbol in: "[battery]"
Questionable use of curly braces in "name={ground}"
    Error: undefined symbol in: "[ground]"
Questionable use of curly braces in "definition={ground}"
    Error: undefined symbol in: "[ground]"
Questionable use of curly braces in "shape={ground}"
    Error: undefined symbol in: "[ground]"
Questionable use of curly braces in "memo={ground}"
    Error: undefined symbol in: "[ground]"
Questionable use of curly braces in "name={voltage} source"
    Error: undefined symbol in: "[voltage]"
Questionable use of curly braces in "definition={vspice}"
    Error: undefined symbol in: "[vspice]"
Questionable use of curly braces in "shape={spice_v}"
    Error: undefined symbol in: "[spice_v]"
Questionable use of curly braces in "memo={voltage} source"
    Error: undefined symbol in: "[voltage]"
Questionable use of curly braces in "name={resistor}"
    Error: undefined symbol in: "[resistor]"
Questionable use of curly braces in "definition={resistor}"
    Error: undefined symbol in: "[resistor]"
Questionable use of curly braces in "shape={resistor}"
    Error: undefined symbol in: "[resistor]"
Questionable use of curly braces in "memo={resistor}"
    Error: undefined symbol in: "[resistor]"
Questionable use of curly braces in "name={capacitor}"
    Error: undefined symbol in: "[capacitor]"
Questionable use of curly braces in "definition={capacitor}"
    Error: undefined symbol in: "[capacitor]"
Questionable use of curly braces in "shape={capacitor}"
    Error: undefined symbol in: "[capacitor]"
Questionable use of curly braces in "memo={capacitor}"
    Error: undefined symbol in: "[capacitor]"
Questionable use of curly braces in "default object apply border to text={no}"
    Error: undefined symbol in: "[no]"
Questionable use of curly braces in "default object apply fill to text={no}"
    Error: undefined symbol in: "[no]"
Questionable use of curly braces in "default object gridsnap={no}"
    Error: undefined symbol in: "[no]"
Questionable use of curly braces in "spicetype={ambiguous}"
    Error: undefined symbol in: "[ambiguous]"
Questionable use of curly braces in "title_block_border={none}"
    Error: undefined symbol in: "[none]"
Questionable use of curly braces in "title_block={false}"
    Error: undefined symbol in: "[false]"
Questionable use of curly braces in "show nodes={false}"
    Error: undefined symbol in: "[false]"
Questionable use of curly braces in "show voltages={false}"
    Error: undefined symbol in: "[false]"
Questionable use of curly braces in "show current={false}"
    Error: undefined symbol in: "[false]"
Questionable use of curly braces in "show power={false}"
    Error: undefined symbol in: "[false]"
Questionable use of curly braces in "show condition={false}"
    Error: undefined symbol in: "[false]"
Questionable use of curly braces in "show pin connections={false}"
    Error: undefined symbol in: "[false]"
Questionable use of curly braces in "show connection warnings={false}"
    Error: undefined symbol in: "[false]"
Questionable use of curly braces in "show cross={false}"
    Error: undefined symbol in: "[false]"
Questionable use of curly braces in "show attribute text={true}"
    Error: undefined symbol in: "[true]"
Questionable use of curly braces in "show grid text={true}"
    Error: undefined symbol in: "[true]"
Questionable use of curly braces in "name={opamp}"
    Error: undefined symbol in: "[opamp]"
Questionable use of curly braces in "v={x1}"
    Error: undefined symbol in: "[x1]"
Questionable use of curly braces in "v={$generic}"
    Error: undefined symbol in: "[$generic]"
Questionable use of curly braces in "name={battery}"
    Error: undefined symbol in: "[battery]"
Questionable use of curly braces in "v={v1}"
    Error: undefined symbol in: "[v1]"
Questionable use of curly braces in "name={ground}"
    Error: undefined symbol in: "[ground]"
Questionable use of curly braces in "name={battery}"
    Error: undefined symbol in: "[battery]"
Questionable use of curly braces in "v={v2}"
    Error: undefined symbol in: "[v2]"
Questionable use of curly braces in "name={ground}"
    Error: undefined symbol in: "[ground]"
Questionable use of curly braces in "name={voltage} source"
    Error: undefined symbol in: "[voltage]"
Questionable use of curly braces in "v={v3}"
    Error: undefined symbol in: "[v3]"
Questionable use of curly braces in "v={dc} 0 ac 1 0 sin 0 1 9.804k 0 0 0"
    Error: undefined symbol in: "[dc]"
Questionable use of curly braces in "v={n}"
    Error: undefined symbol in: "[n]"
Questionable use of curly braces in "v={n}"
    Error: undefined symbol in: "[n]"
Questionable use of curly braces in "v={dc} 0 ac 1 0 pulse 0 5 100n 10n 10n 400n 1u"
    Error: undefined symbol in: "[dc]"
Questionable use of curly braces in "v={dc} 0 ac 1 0 sin 0 1 9.804k 0 0 0"
    Error: undefined symbol in: "[dc]"
Questionable use of curly braces in "name={resistor}"
    Error: undefined symbol in: "[resistor]"
Questionable use of curly braces in "v={r1}"
    Error: undefined symbol in: "[r1]"
Questionable use of curly braces in "name={resistor}"
    Error: undefined symbol in: "[resistor]"
Questionable use of curly braces in "v={r2}"
    Error: undefined symbol in: "[r2]"
Questionable use of curly braces in "name={resistor}"
    Error: undefined symbol in: "[resistor]"
Questionable use of curly braces in "v={r3}"
    Error: undefined symbol in: "[r3]"
Questionable use of curly braces in "name={capacitor}"
    Error: undefined symbol in: "[capacitor]"
Questionable use of curly braces in "v={c1}"
    Error: undefined symbol in: "[c1]"
Questionable use of curly braces in "name={capacitor}"
    Error: undefined symbol in: "[capacitor]"
Questionable use of curly braces in "v={c2}"
    Error: undefined symbol in: "[c2]"
Questionable use of curly braces in "name={ground}"
    Error: undefined symbol in: "[ground]"
Questionable use of curly braces in "name={ground}"
    Error: undefined symbol in: "[ground]"
Questionable use of curly braces in "name={ground}"
    Error: undefined symbol in: "[ground]"
Questionable use of curly braces in "gridsnap={true}"
    Error: undefined symbol in: "[true]"
Questionable use of curly braces in "justifyh={left}"
    Error: undefined symbol in: "[left]"
Questionable use of curly braces in "justifyv={bottom}"
    Error: undefined symbol in: "[bottom]"
Questionable use of curly braces in "cborder={none}"
    Error: undefined symbol in: "[none]"
Questionable use of curly braces in "gridsnap={true}"
    Error: undefined symbol in: "[true]"
Questionable use of curly braces in "justifyh={left}"
    Error: undefined symbol in: "[left]"
Questionable use of curly braces in "justifyv={bottom}"
    Error: undefined symbol in: "[bottom]"
Questionable use of curly braces in "cborder={none}"
    Error: undefined symbol in: "[none]"
Questionable use of curly braces in "gridsnap={true}"
    Error: undefined symbol in: "[true]"
Questionable use of curly braces in "justifyh={left}"
    Error: undefined symbol in: "[left]"
Questionable use of curly braces in "justifyv={bottom}"
    Error: undefined symbol in: "[bottom]"
Questionable use of curly braces in "cborder={none}"
    Error: undefined symbol in: "[none]"
Questionable use of curly braces in "gridsnap={true}"
    Error: undefined symbol in: "[true]"
Questionable use of curly braces in "justifyh={left}"
    Error: undefined symbol in: "[left]"
Questionable use of curly braces in "justifyv={bottom}"
    Error: undefined symbol in: "[bottom]"
Questionable use of curly braces in "cborder={none}"
    Error: undefined symbol in: "[none]"
Questionable use of curly braces in "gridsnap={true}"
    Error: undefined symbol in: "[true]"
Questionable use of curly braces in "justifyh={left}"
    Error: undefined symbol in: "[left]"
Questionable use of curly braces in "justifyv={bottom}"
    Error: undefined symbol in: "[bottom]"
Questionable use of curly braces in "cborder={none}"
    Error: undefined symbol in: "[none]"
Questionable use of curly braces in "gridsnap={true}"
    Error: undefined symbol in: "[true]"
Questionable use of curly braces in "justifyh={left}"
    Error: undefined symbol in: "[left]"
Questionable use of curly braces in "justifyv={bottom}"
    Error: undefined symbol in: "[bottom]"
Questionable use of curly braces in "cborder={none}"
    Error: undefined symbol in: "[none]"
Questionable use of curly braces in "gridsnap={true}"
    Error: undefined symbol in: "[true]"
Questionable use of curly braces in "justifyh={left}"
    Error: undefined symbol in: "[left]"
Questionable use of curly braces in "justifyv={bottom}"
    Error: undefined symbol in: "[bottom]"
Questionable use of curly braces in "cborder={none}"
    Error: undefined symbol in: "[none]"
Questionable use of curly braces in "calcrms={false}"
    Error: undefined symbol in: "[false]"
Questionable use of curly braces in "calcavg={false}"
    Error: undefined symbol in: "[false]"
Questionable use of curly braces in "calcpeak={false}"
    Error: undefined symbol in: "[false]"
Questionable use of curly braces in "calcvoltage={true}"
    Error: undefined symbol in: "[true]"
Questionable use of curly braces in "displaymeasure={last}"
    Error: undefined symbol in: "[last]"
Questionable use of curly braces in "sharescales={true}"
    Error: undefined symbol in: "[true]"
Questionable use of curly braces in "pos={top}"
    Error: undefined symbol in: "[top]"
Questionable use of curly braces in "filesaveasold={no}"
    Error: undefined symbol in: "[no]"
Questionable use of curly braces in "bom={no}"
    Error: undefined symbol in: "[no]"
Questionable use of curly braces in "filepcb={no}"
    Error: undefined symbol in: "[no]"
Questionable use of curly braces in "probe={yes}"
    Error: undefined symbol in: "[yes]"
Questionable use of curly braces in "select={yes}"
    Error: undefined symbol in: "[yes]"
Questionable use of curly braces in "pan={yes}"
    Error: undefined symbol in: "[yes]"
Questionable use of curly braces in "comp={yes}"
    Error: undefined symbol in: "[yes]"
Questionable use of curly braces in "text={yes}"
    Error: undefined symbol in: "[yes]"
Questionable use of curly braces in "wire={yes}"
    Error: undefined symbol in: "[yes]"
Questionable use of curly braces in "wired={yes}"
    Error: undefined symbol in: "[yes]"
Questionable use of curly braces in "bus={yes}"
    Error: undefined symbol in: "[yes]"
Questionable use of curly braces in "graphic={yes}"
    Error: undefined symbol in: "[yes]"
Questionable use of curly braces in "flowchart={yes}"
    Error: undefined symbol in: "[yes]"
Questionable use of curly braces in "line={no}"
    Error: undefined symbol in: "[no]"
Questionable use of curly braces in "ellipse={no}"
    Error: undefined symbol in: "[no]"
Questionable use of curly braces in "rect={no}"
    Error: undefined symbol in: "[no]"
Questionable use of curly braces in "diam={no}"
    Error: undefined symbol in: "[no]"
Questionable use of curly braces in "arc={no}"
    Error: undefined symbol in: "[no]"
Questionable use of curly braces in "pie={no}"
    Error: undefined symbol in: "[no]"
Questionable use of curly braces in "triangle={no}"
    Error: undefined symbol in: "[no]"
Questionable use of curly braces in "star={no}"
    Error: undefined symbol in: "[no]"
Questionable use of curly braces in "leftbrk={no}"
    Error: undefined symbol in: "[no]"
Questionable use of curly braces in "rightbrk={no}"
    Error: undefined symbol in: "[no]"
Questionable use of curly braces in "bothbrk={no}"
    Error: undefined symbol in: "[no]"
Questionable use of curly braces in "meta={no}"
    Error: undefined symbol in: "[no]"
Questionable use of curly braces in "parallelogram={no}"
    Error: undefined symbol in: "[no]"
Questionable use of curly braces in "fc_process={no}"
    Error: undefined symbol in: "[no]"
Questionable use of curly braces in "fc_alt_process={no}"
    Error: undefined symbol in: "[no]"
Questionable use of curly braces in "fc_decision={no}"
    Error: undefined symbol in: "[no]"
Questionable use of curly braces in "fc_data={no}"
    Error: undefined symbol in: "[no]"
Questionable use of curly braces in "fc_predefprocess={no}"
    Error: undefined symbol in: "[no]"
Questionable use of curly braces in "fc_internalstorage={no}"
    Error: undefined symbol in: "[no]"
Questionable use of curly braces in "fc_document={no}"
    Error: undefined symbol in: "[no]"
Questionable use of curly braces in "fc_multidocument={no}"
    Error: undefined symbol in: "[no]"
Questionable use of curly braces in "fc_terminator={no}"
    Error: undefined symbol in: "[no]"
Questionable use of curly braces in "fc_preparation={no}"
    Error: undefined symbol in: "[no]"
Questionable use of curly braces in "fc_manualinput={no}"
    Error: undefined symbol in: "[no]"
Questionable use of curly braces in "fc_manualoperation={no}"
    Error: undefined symbol in: "[no]"
Questionable use of curly braces in "fc_connector={no}"
    Error: undefined symbol in: "[no]"
Questionable use of curly braces in "fc_offpageconnector={no}"
    Error: undefined symbol in: "[no]"
Questionable use of curly braces in "fc_punchcard={no}"
    Error: undefined symbol in: "[no]"
Questionable use of curly braces in "fc_punchedtape={no}"
    Error: undefined symbol in: "[no]"
Questionable use of curly braces in "fc_summing_junction={no}"
    Error: undefined symbol in: "[no]"
Questionable use of curly braces in "fc_or={no}"
    Error: undefined symbol in: "[no]"
Questionable use of curly braces in "fc_collate={no}"
    Error: undefined symbol in: "[no]"
Questionable use of curly braces in "fc_sort={no}"
    Error: undefined symbol in: "[no]"
Questionable use of curly braces in "fc_extract={no}"
    Error: undefined symbol in: "[no]"
Questionable use of curly braces in "fc_merge={no}"
    Error: undefined symbol in: "[no]"
Questionable use of curly braces in "fc_stored_data={no}"
    Error: undefined symbol in: "[no]"
Questionable use of curly braces in "fc_delay={no}"
    Error: undefined symbol in: "[no]"
Questionable use of curly braces in "fc_sas={no}"
    Error: undefined symbol in: "[no]"
Questionable use of curly braces in "fc_magnetic_disk={no}"
    Error: undefined symbol in: "[no]"
Questionable use of curly braces in "fc_das={no}"
    Error: undefined symbol in: "[no]"
Questionable use of curly braces in "fc_display={no}"
    Error: undefined symbol in: "[no]"
Questionable use of curly braces in "spread_sheet={yes}"
    Error: undefined symbol in: "[yes]"
Questionable use of curly braces in "polyclos={no}"
    Error: undefined symbol in: "[no]"
Questionable use of curly braces in "polyopen={no}"
    Error: undefined symbol in: "[no]"
Questionable use of curly braces in "flag={yes}"
    Error: undefined symbol in: "[yes]"
Questionable use of curly braces in "info={yes}"
    Error: undefined symbol in: "[yes]"
Questionable use of curly braces in "help={yes}"
    Error: undefined symbol in: "[yes]"
Questionable use of curly braces in "help_spice={no}"
    Error: undefined symbol in: "[no]"
Questionable use of curly braces in "link={yes}"
    Error: undefined symbol in: "[yes]"
Questionable use of curly braces in "check={yes}"
    Error: undefined symbol in: "[yes]"
Questionable use of curly braces in "region_enable={yes}"
    Error: undefined symbol in: "[yes]"
Questionable use of curly braces in "title_block={yes}"
    Error: undefined symbol in: "[yes]"
Questionable use of curly braces in "digtrc={no}"
    Error: undefined symbol in: "[no]"
Questionable use of curly braces in "digtrc2={no}"
    Error: undefined symbol in: "[no]"
Questionable use of curly braces in "build_command={yes}"
    Error: undefined symbol in: "[yes]"
Questionable use of curly braces in "digall={no}"
    Error: undefined symbol in: "[no]"
Questionable use of curly braces in "gridtext={yes}"
    Error: undefined symbol in: "[yes]"
Questionable use of curly braces in "comptext={yes}"
    Error: undefined symbol in: "[yes]"
Questionable use of curly braces in "node={yes}"
    Error: undefined symbol in: "[yes]"
Questionable use of curly braces in "measured={yes}"
    Error: undefined symbol in: "[yes]"
Questionable use of curly braces in "nodev={yes}"
    Error: undefined symbol in: "[yes]"
Questionable use of curly braces in "current={yes}"
    Error: undefined symbol in: "[yes]"
Questionable use of curly braces in "power={yes}"
    Error: undefined symbol in: "[yes]"
Questionable use of curly braces in "conditin={yes}"
    Error: undefined symbol in: "[yes]"
Questionable use of curly braces in "pin={yes}"
    Error: undefined symbol in: "[yes]"
Questionable use of curly braces in "connwarn={yes}"
    Error: undefined symbol in: "[yes]"
Questionable use of curly braces in "cross={no}"
    Error: undefined symbol in: "[no]"
Questionable use of curly braces in "grid={yes}"
    Error: undefined symbol in: "[yes]"
Questionable use of curly braces in "border={yes}"
    Error: undefined symbol in: "[yes]"
Questionable use of curly braces in "borderone={yes}"
    Error: undefined symbol in: "[yes]"
Questionable use of curly braces in "title={yes}"
    Error: undefined symbol in: "[yes]"
Questionable use of curly braces in "rubber={yes}"
    Error: undefined symbol in: "[yes]"
Questionable use of curly braces in "property={yes}"
    Error: undefined symbol in: "[yes]"
Questionable use of curly braces in "step={yes}"
    Error: undefined symbol in: "[yes]"
Questionable use of curly braces in "mirror={yes}"
    Error: undefined symbol in: "[yes]"
Questionable use of curly braces in "rotate={yes}"
    Error: undefined symbol in: "[yes]"
Questionable use of curly braces in "flipy={yes}"
    Error: undefined symbol in: "[yes]"
Questionable use of curly braces in "flipx={yes}"
    Error: undefined symbol in: "[yes]"
Questionable use of curly braces in "cir_makemacro={no}"
    Error: undefined symbol in: "[no]"
Questionable use of curly braces in "clearcutwire={no}"
    Error: undefined symbol in: "[no]"
Questionable use of curly braces in "clipboardcirpage2bmm={no}"
    Error: undefined symbol in: "[no]"
Questionable use of curly braces in "findcomp={yes}"
    Error: undefined symbol in: "[yes]"
Questionable use of curly braces in "find={yes}"
    Error: undefined symbol in: "[yes]"
Questionable use of curly braces in "repeat={no}"
    Error: undefined symbol in: "[no]"
Questionable use of curly braces in "replace={no}"
    Error: undefined symbol in: "[no]"
Questionable use of curly braces in "model={yes}"
    Error: undefined symbol in: "[yes]"
Questionable use of curly braces in "cir2ckt={no}"
    Error: undefined symbol in: "[no]"
Questionable use of curly braces in "attdisp={no}"
    Error: undefined symbol in: "[no]"
Questionable use of curly braces in "enable={yes}"
    Error: undefined symbol in: "[yes]"
Questionable use of curly braces in "disable={yes}"
    Error: undefined symbol in: "[yes]"
Questionable use of curly braces in "enable_with={yes}"
    Error: undefined symbol in: "[yes]"
Questionable use of curly braces in "tofront={yes}"
    Error: undefined symbol in: "[yes]"
Questionable use of curly braces in "toback={yes}"
    Error: undefined symbol in: "[yes]"
Questionable use of curly braces in "selnext={no}"
    Error: undefined symbol in: "[no]"
Questionable use of curly braces in "pageadd={no}"
    Error: undefined symbol in: "[no]"
Questionable use of curly braces in "pageaddtext={no}"
    Error: undefined symbol in: "[no]"
Questionable use of curly braces in "addsection={no}"
    Error: undefined symbol in: "[no]"
Questionable use of curly braces in "pagedel={no}"
    Error: undefined symbol in: "[no]"
Questionable use of curly braces in "zoomin={yes}"
    Error: undefined symbol in: "[yes]"
Questionable use of curly braces in "zoomout={yes}"
    Error: undefined symbol in: "[yes]"
Questionable use of curly braces in "autoscalecir={yes}"
    Error: undefined symbol in: "[yes]"
Questionable use of curly braces in "gotoflag={no}"
    Error: undefined symbol in: "[no]"
Questionable use of curly braces in "uplevel={yes}"
    Error: undefined symbol in: "[yes]"
Questionable use of curly braces in "color={yes}"
    Error: undefined symbol in: "[yes]"
Questionable use of curly braces in "font={yes}"
    Error: undefined symbol in: "[yes]"
Questionable use of curly braces in "style={yes}"
    Error: undefined symbol in: "[yes]"
Questionable use of curly braces in "dm_last={no}"
    Error: undefined symbol in: "[no]"
Questionable use of curly braces in "dm_rms={no}"
    Error: undefined symbol in: "[no]"
Questionable use of curly braces in "dm_avg={no}"
    Error: undefined symbol in: "[no]"
Questionable use of curly braces in "dm_peak={no}"
    Error: undefined symbol in: "[no]"
Questionable use of curly braces in "grid_none={no}"
    Error: undefined symbol in: "[no]"
Questionable use of curly braces in "grid_normal={no}"
    Error: undefined symbol in: "[no]"
Questionable use of curly braces in "grid_bold_5={no}"
    Error: undefined symbol in: "[no]"
Questionable use of curly braces in "grid_bold_6={no}"
    Error: undefined symbol in: "[no]"
Questionable use of curly braces in "grid_bold_user={no}"
    Error: undefined symbol in: "[no]"
Questionable use of curly braces in "graph_paper={no}"
    Error: undefined symbol in: "[no]"
Questionable use of curly braces in "splitcirtexth={no}"
    Error: undefined symbol in: "[no]"
Questionable use of curly braces in "splitcirtextv={no}"
    Error: undefined symbol in: "[no]"
Questionable use of curly braces in "space_splitters_evenly={no}"
    Error: undefined symbol in: "[no]"
Questionable use of curly braces in "normalcir={no}"
    Error: undefined symbol in: "[no]"
Questionable use of curly braces in "renamedefine={no}"
    Error: undefined symbol in: "[no]"
Questionable use of curly braces in "renamecmp={no}"
    Error: undefined symbol in: "[no]"
Questionable use of curly braces in "attalign={no}"
    Error: undefined symbol in: "[no]"
Questionable use of curly braces in "resetnodepos={no}"
    Error: undefined symbol in: "[no]"
Questionable use of curly braces in "fit2standard={no}"
    Error: undefined symbol in: "[no]"
Questionable use of curly braces in "nodesnap={no}"
    Error: undefined symbol in: "[no]"
Questionable use of curly braces in "movetext={no}"
    Error: undefined symbol in: "[no]"
Questionable use of curly braces in "textinc={no}"
    Error: undefined symbol in: "[no]"
Questionable use of curly braces in "toggletext={no}"
    Error: undefined symbol in: "[no]"
Questionable use of curly braces in "togglemode={no}"
    Error: undefined symbol in: "[no]"
Questionable use of curly braces in "tolerance={no}"
    Error: undefined symbol in: "[no]"
Questionable use of curly braces in "alignab={no}"
    Error: undefined symbol in: "[no]"
Questionable use of curly braces in "alignleft={no}"
    Error: undefined symbol in: "[no]"
Questionable use of curly braces in "aligncenter={no}"
    Error: undefined symbol in: "[no]"
Questionable use of curly braces in "alignright={no}"
    Error: undefined symbol in: "[no]"
Questionable use of curly braces in "aligntop={no}"
    Error: undefined symbol in: "[no]"
Questionable use of curly braces in "alignmiddles={no}"
    Error: undefined symbol in: "[no]"
Questionable use of curly braces in "alignbottom={no}"
    Error: undefined symbol in: "[no]"
Questionable use of curly braces in "enable={true}"
    Error: undefined symbol in: "[true]"
Questionable use of curly braces in "print={true}"
    Error: undefined symbol in: "[true]"
Questionable use of curly braces in "enable={true}"
    Error: undefined symbol in: "[true]"
Questionable use of curly braces in "name={main}"
    Error: undefined symbol in: "[main]"
Questionable use of curly braces in "grid text rtf={false}"
    Error: undefined symbol in: "[false]"
Questionable use of curly braces in "grid text gridsnap={true}"
    Error: undefined symbol in: "[true]"
Questionable use of curly braces in "grid text pinit={false}"
    Error: undefined symbol in: "[false]"
Questionable use of curly braces in "grid text justifyh={left}"
    Error: undefined symbol in: "[left]"
Questionable use of curly braces in "grid text justifyv={bottom}"
    Error: undefined symbol in: "[bottom]"
Questionable use of curly braces in "grid gradientcolor2={none}"
    Error: undefined symbol in: "[none]"
Questionable use of curly braces in "grid outlinecolor={none}"
    Error: undefined symbol in: "[none]"
Questionable use of curly braces in "print={false}"
    Error: undefined symbol in: "[false]"
Questionable use of curly braces in "enable={true}"
    Error: undefined symbol in: "[true]"
Questionable use of curly braces in "name={text}"
    Error: undefined symbol in: "[text]"
Questionable use of curly braces in "print={false}"
    Error: undefined symbol in: "[false]"
Questionable use of curly braces in "enable={true}"
    Error: undefined symbol in: "[true]"
Questionable use of curly braces in "name={models}"
    Error: undefined symbol in: "[models]"
Questionable use of curly braces in "print={true}"
    Error: undefined symbol in: "[true]"
Questionable use of curly braces in "enable={true}"
    Error: undefined symbol in: "[true]"
Questionable use of curly braces in "name={power} supplies"
    Error: undefined symbol in: "[power]"
Questionable use of curly braces in "grid text rtf={false}"
    Error: undefined symbol in: "[false]"
Questionable use of curly braces in "grid text gridsnap={true}"
    Error: undefined symbol in: "[true]"
Questionable use of curly braces in "grid text pinit={false}"
    Error: undefined symbol in: "[false]"
Questionable use of curly braces in "grid text justifyh={left}"
    Error: undefined symbol in: "[left]"
Questionable use of curly braces in "grid text justifyv={bottom}"
    Error: undefined symbol in: "[bottom]"
Questionable use of curly braces in "grid gradientcolor2={none}"
    Error: undefined symbol in: "[none]"
Questionable use of curly braces in "grid outlinecolor={none}"
    Error: undefined symbol in: "[none]"
Questionable use of curly braces in "print={false}"
    Error: undefined symbol in: "[false]"
Questionable use of curly braces in "enable={true}"
    Error: undefined symbol in: "[true]"
Questionable use of curly braces in "name={info}"
    Error: undefined symbol in: "[info]"
Questionable use of curly braces in "infopage={true}"
    Error: undefined symbol in: "[true]"
Questionable use of curly braces in "warnings={true}"
    Error: undefined symbol in: "[true]"
Questionable use of curly braces in "system={true}"
    Error: undefined symbol in: "[true]"
Questionable use of curly braces in "defines={true}"
    Error: undefined symbol in: "[true]"
Questionable use of curly braces in "array={true}"
    Error: undefined symbol in: "[true]"
Questionable use of curly braces in "model={true}"
    Error: undefined symbol in: "[true]"
Questionable use of curly braces in "measure={true}"
    Error: undefined symbol in: "[true]"
Questionable use of curly braces in "macrosubckt={true}"
    Error: undefined symbol in: "[true]"
Questionable use of curly braces in "notused={true}"
    Error: undefined symbol in: "[true]"
Questionable use of curly braces in "componentcounts={true}"
    Error: undefined symbol in: "[true]"
Questionable use of curly braces in "variablizepaths={false}"
    Error: undefined symbol in: "[false]"
Questionable use of curly braces in "dontshowpaths={false}"
    Error: undefined symbol in: "[false]"
Questionable use of curly braces in "simulationlog={true}"
    Error: undefined symbol in: "[true]"
Questionable use of curly braces in "autotitle={yes}"
    Error: undefined symbol in: "[yes]"
Questionable use of curly braces in "grid pattern={dot6}"
    Error: undefined symbol in: "[dot6]"
Questionable use of curly braces in "curvefit pattern={dash}"
    Error: undefined symbol in: "[dash]"
Questionable use of curly braces in "static grids={false}"
    Error: undefined symbol in: "[false]"
Questionable use of curly braces in "plusmark={false}"
    Error: undefined symbol in: "[false]"
Questionable use of curly braces in "minorlog25={off}"
    Error: undefined symbol in: "[off]"
Questionable use of curly braces in "labelminor={off}"
    Error: undefined symbol in: "[off]"
Questionable use of curly braces in "datapoints={false}"
    Error: undefined symbol in: "[false]"
Questionable use of curly braces in "token={false}"
    Error: undefined symbol in: "[false]"
Questionable use of curly braces in "ruler={false}"
    Error: undefined symbol in: "[false]"
Questionable use of curly braces in "xaxisgrids={true}"
    Error: undefined symbol in: "[true]"
Questionable use of curly braces in "yaxisgrids={true}"
    Error: undefined symbol in: "[true]"
Questionable use of curly braces in "minorloggrids={true}"
    Error: undefined symbol in: "[true]"
Questionable use of curly braces in "baseline={false}"
    Error: undefined symbol in: "[false]"
Questionable use of curly braces in "alignz={true}"
    Error: undefined symbol in: "[true]"
Questionable use of curly braces in "align cursors={true}"
    Error: undefined symbol in: "[true]"
Questionable use of curly braces in "endmode={scale}"
    Error: undefined symbol in: "[scale]"
Questionable use of curly braces in "tracker intercept={false}"
    Error: undefined symbol in: "[false]"
Questionable use of curly braces in "tracker mouse={true}"
    Error: undefined symbol in: "[true]"
Questionable use of curly braces in "tracker cursor={true}"
    Error: undefined symbol in: "[true]"
Questionable use of curly braces in "tracker cursor branchinfo={false}"
    Error: undefined symbol in: "[false]"
Questionable use of curly braces in "horizontal cursor={false}"
    Error: undefined symbol in: "[false]"
Questionable use of curly braces in "same y scales={yes}"
    Error: undefined symbol in: "[yes]"
Questionable use of curly braces in "enable x scaling={true}"
    Error: undefined symbol in: "[true]"
Questionable use of curly braces in "enable y scaling={true}"
    Error: undefined symbol in: "[true]"
Questionable use of curly braces in "keep x scales the same={true}"
    Error: undefined symbol in: "[true]"
Questionable use of curly braces in "operpoint={false}"
    Error: undefined symbol in: "[false]"
Questionable use of curly braces in "operpointonly={false}"
    Error: undefined symbol in: "[false]"
Questionable use of curly braces in "autoscaleranges={true}"
    Error: undefined symbol in: "[true]"
Questionable use of curly braces in "fixedtimestep={false}"
    Error: undefined symbol in: "[false]"
Questionable use of curly braces in "dopss={false}"
    Error: undefined symbol in: "[false]"
Questionable use of curly braces in "pss_showplots={true}"
    Error: undefined symbol in: "[true]"
Questionable use of curly braces in "fft_includedcharmonic={false}"
    Error: undefined symbol in: "[false]"
Questionable use of curly braces in "printerautotile={no}"
    Error: undefined symbol in: "[no]"
Questionable use of curly braces in "printerblackborder={no}"
    Error: undefined symbol in: "[no]"
Questionable use of curly braces in "animatewait={none}"
    Error: undefined symbol in: "[none]"
Questionable use of curly braces in "save_for_future={no}"
    Error: undefined symbol in: "[no]"
Questionable use of curly braces in "num out write={true}"
    Error: undefined symbol in: "[true]"
Questionable use of curly braces in "num out write main header={true}"
    Error: undefined symbol in: "[true]"
Questionable use of curly braces in "num out write limits={true}"
    Error: undefined symbol in: "[true]"
Questionable use of curly braces in "num out write branch header={true}"
    Error: undefined symbol in: "[true]"
Questionable use of curly braces in "num out write models={false}"
    Error: undefined symbol in: "[false]"
Questionable use of curly braces in "num out write zero models={true}"
    Error: undefined symbol in: "[true]"
Questionable use of curly braces in "num out write undefined models={true}"
    Error: undefined symbol in: "[true]"
Questionable use of curly braces in "num out write operating point={true}"
    Error: undefined symbol in: "[true]"
Questionable use of curly braces in "num out write measurement values={true}"
    Error: undefined symbol in: "[true]"
Questionable use of curly braces in "num out write tolerance detail={true}"
    Error: undefined symbol in: "[true]"
Questionable use of curly braces in "num out write values={true}"
    Error: undefined symbol in: "[true]"
Questionable use of curly braces in "num out write waveform header={true}"
    Error: undefined symbol in: "[true]"
Questionable use of curly braces in "num out allow dup y expr={false}"
    Error: undefined symbol in: "[false]"
Questionable use of curly braces in "num out hidenonselected={false}"
    Error: undefined symbol in: "[false]"
Questionable use of curly braces in "num out useactualdatapoints={false}"
    Error: undefined symbol in: "[false]"
Questionable use of curly braces in "autosavewave={false}"
    Error: undefined symbol in: "[false]"
Questionable use of curly braces in "print individual pages={false}"
    Error: undefined symbol in: "[false]"
Questionable use of curly braces in "pos={top}"
    Error: undefined symbol in: "[top]"
Questionable use of curly braces in "select={yes}"
    Error: undefined symbol in: "[yes]"
Questionable use of curly braces in "pan={yes}"
    Error: undefined symbol in: "[yes]"
Questionable use of curly braces in "graphic={yes}"
    Error: undefined symbol in: "[yes]"
Questionable use of curly braces in "line={no}"
    Error: undefined symbol in: "[no]"
Questionable use of curly braces in "ellipse={no}"
    Error: undefined symbol in: "[no]"
Questionable use of curly braces in "rect={no}"
    Error: undefined symbol in: "[no]"
Questionable use of curly braces in "diam={no}"
    Error: undefined symbol in: "[no]"
Questionable use of curly braces in "arc={no}"
    Error: undefined symbol in: "[no]"
Questionable use of curly braces in "pie={no}"
    Error: undefined symbol in: "[no]"
Questionable use of curly braces in "triangle={no}"
    Error: undefined symbol in: "[no]"
Questionable use of curly braces in "star={no}"
    Error: undefined symbol in: "[no]"
Questionable use of curly braces in "leftbrk={no}"
    Error: undefined symbol in: "[no]"
Questionable use of curly braces in "rightbrk={no}"
    Error: undefined symbol in: "[no]"
Questionable use of curly braces in "bothbrk={no}"
    Error: undefined symbol in: "[no]"
Questionable use of curly braces in "meta={no}"
    Error: undefined symbol in: "[no]"
Questionable use of curly braces in "parallelogram={no}"
    Error: undefined symbol in: "[no]"
Questionable use of curly braces in "polyclos={no}"
    Error: undefined symbol in: "[no]"
Questionable use of curly braces in "polyopen={no}"
    Error: undefined symbol in: "[no]"
Questionable use of curly braces in "scale={yes}"
    Error: undefined symbol in: "[yes]"
Questionable use of curly braces in "cursor={yes}"
    Error: undefined symbol in: "[yes]"
Questionable use of curly braces in "measureh={yes}"
    Error: undefined symbol in: "[yes]"
Questionable use of curly braces in "measurev={yes}"
    Error: undefined symbol in: "[yes]"
Questionable use of curly braces in "tag={yes}"
    Error: undefined symbol in: "[yes]"
Questionable use of curly braces in "ptag={yes}"
    Error: undefined symbol in: "[yes]"
Questionable use of curly braces in "text={yes}"
    Error: undefined symbol in: "[yes]"
Questionable use of curly braces in "property={yes}"
    Error: undefined symbol in: "[yes]"
Questionable use of curly braces in "start={yes}"
    Error: undefined symbol in: "[yes]"
Questionable use of curly braces in "stop={yes}"
    Error: undefined symbol in: "[yes]"
Questionable use of curly braces in "pause={yes}"
    Error: undefined symbol in: "[yes]"
Questionable use of curly braces in "resume={no}"
    Error: undefined symbol in: "[no]"
Questionable use of curly braces in "datapts={yes}"
    Error: undefined symbol in: "[yes]"
Questionable use of curly braces in "tokens={yes}"
    Error: undefined symbol in: "[yes]"
Questionable use of curly braces in "ruler={yes}"
    Error: undefined symbol in: "[yes]"
Questionable use of curly braces in "plus={yes}"
    Error: undefined symbol in: "[yes]"
Questionable use of curly braces in "xaxis={yes}"
    Error: undefined symbol in: "[yes]"
Questionable use of curly braces in "yaxis={yes}"
    Error: undefined symbol in: "[yes]"
Questionable use of curly braces in "minorlog={yes}"
    Error: undefined symbol in: "[yes]"
Questionable use of curly braces in "log25={yes}"
    Error: undefined symbol in: "[yes]"
Questionable use of curly braces in "baseline={yes}"
    Error: undefined symbol in: "[yes]"
Questionable use of curly braces in "horizcur={yes}"
    Error: undefined symbol in: "[yes]"
Questionable use of curly braces in "gotox={yes}"
    Error: undefined symbol in: "[yes]"
Questionable use of curly braces in "gotoy={yes}"
    Error: undefined symbol in: "[yes]"
Questionable use of curly braces in "gotoperf={yes}"
    Error: undefined symbol in: "[yes]"
Questionable use of curly braces in "gotobrnc={yes}"
    Error: undefined symbol in: "[yes]"
Questionable use of curly braces in "clear_accumulated={yes}"
    Error: undefined symbol in: "[yes]"
Questionable use of curly braces in "pdelete_all_plots={yes}"
    Error: undefined symbol in: "[yes]"
Questionable use of curly braces in "next={yes}"
    Error: undefined symbol in: "[yes]"
Questionable use of curly braces in "nextin={yes}"
    Error: undefined symbol in: "[yes]"
Questionable use of curly braces in "peak={yes}"
    Error: undefined symbol in: "[yes]"
Questionable use of curly braces in "valley={yes}"
    Error: undefined symbol in: "[yes]"
Questionable use of curly braces in "high={yes}"
    Error: undefined symbol in: "[yes]"
Questionable use of curly braces in "low={yes}"
    Error: undefined symbol in: "[yes]"
Questionable use of curly braces in "inflectn={yes}"
    Error: undefined symbol in: "[yes]"
Questionable use of curly braces in "ghigh={yes}"
    Error: undefined symbol in: "[yes]"
Questionable use of curly braces in "glow={yes}"
    Error: undefined symbol in: "[yes]"
Questionable use of curly braces in "bottom={yes}"
    Error: undefined symbol in: "[yes]"
Questionable use of curly braces in "top={yes}"
    Error: undefined symbol in: "[yes]"
Questionable use of curly braces in "waveformbuffer={yes}"
    Error: undefined symbol in: "[yes]"
Questionable use of curly braces in "aoutput={yes}"
    Error: undefined symbol in: "[yes]"
Questionable use of curly braces in "pkey={yes}"
    Error: undefined symbol in: "[yes]"
Questionable use of curly braces in "enxscale={yes}"
    Error: undefined symbol in: "[yes]"
Questionable use of curly braces in "enyscale={yes}"
    Error: undefined symbol in: "[yes]"
Questionable use of curly braces in "zoomin={yes}"
    Error: undefined symbol in: "[yes]"
Questionable use of curly braces in "zoomout={yes}"
    Error: undefined symbol in: "[yes]"
Questionable use of curly braces in "autoscale={yes}"
    Error: undefined symbol in: "[yes]"
Questionable use of curly braces in "restorescale={no}"
    Error: undefined symbol in: "[no]"
Questionable use of curly braces in "color={yes}"
    Error: undefined symbol in: "[yes]"
Questionable use of curly braces in "font={yes}"
    Error: undefined symbol in: "[yes]"
Questionable use of curly braces in "style={yes}"
    Error: undefined symbol in: "[yes]"
Questionable use of curly braces in "selnext={no}"
    Error: undefined symbol in: "[no]"
Questionable use of curly braces in "normalize={no}"
    Error: undefined symbol in: "[no]"
Questionable use of curly braces in "normalize_min={no}"
    Error: undefined symbol in: "[no]"
Questionable use of curly braces in "normalize_max={no}"
    Error: undefined symbol in: "[no]"
Questionable use of curly braces in "add_tag_left={no}"
    Error: undefined symbol in: "[no]"
Questionable use of curly braces in "add_tag_right={no}"
    Error: undefined symbol in: "[no]"
Questionable use of curly braces in "add_horz_tag={no}"
    Error: undefined symbol in: "[no]"
Questionable use of curly braces in "add_vert_tag={no}"
    Error: undefined symbol in: "[no]"
Questionable use of curly braces in "align_cursors={no}"
    Error: undefined symbol in: "[no]"
Questionable use of curly braces in "align_cursorsz={no}"
    Error: undefined symbol in: "[no]"
Questionable use of curly braces in "cursortoclipboard={no}"
    Error: undefined symbol in: "[no]"
Questionable use of curly braces in "tracker_cursor={no}"
    Error: undefined symbol in: "[no]"
Questionable use of curly braces in "tracker_cursor_branchinfo={no}"
    Error: undefined symbol in: "[no]"
Questionable use of curly braces in "tracker_intercept={no}"
    Error: undefined symbol in: "[no]"
Questionable use of curly braces in "tracker_mouse={no}"
    Error: undefined symbol in: "[no]"
Questionable use of curly braces in "tofront={yes}"
    Error: undefined symbol in: "[yes]"
Questionable use of curly braces in "toback={yes}"
    Error: undefined symbol in: "[yes]"
Questionable use of curly braces in "splitcirtexth={no}"
    Error: undefined symbol in: "[no]"
Questionable use of curly braces in "splitcirtextv={no}"
    Error: undefined symbol in: "[no]"
Questionable use of curly braces in "space_splitters_evenly={no}"
    Error: undefined symbol in: "[no]"
Questionable use of curly braces in "normalcir={no}"
    Error: undefined symbol in: "[no]"
Questionable use of curly braces in "label_waveform={no}"
    Error: undefined symbol in: "[no]"
Questionable use of curly braces in "label_data_points={no}"
    Error: undefined symbol in: "[no]"
Questionable use of curly braces in "wfb_add_to_limits={no}"
    Error: undefined symbol in: "[no]"
Questionable use of curly braces in "envelope={no}"
    Error: undefined symbol in: "[no]"
Questionable use of curly braces in "sameyscales={no}"
    Error: undefined symbol in: "[no]"
Questionable use of curly braces in "keepxscalesthesame={no}"
    Error: undefined symbol in: "[no]"
Questionable use of curly braces in "curvefit={no}"
    Error: undefined symbol in: "[no]"
Questionable use of curly braces in "add_marker={no}"
    Error: undefined symbol in: "[no]"
Questionable use of curly braces in "showwatch={no}"
    Error: undefined symbol in: "[no]"
Questionable use of curly braces in "bp={no}"
    Error: undefined symbol in: "[no]"
Questionable use of curly braces in "togglemode={no}"
    Error: undefined symbol in: "[no]"
Questionable use of curly braces in "removealltext={no}"
    Error: undefined symbol in: "[no]"
Questionable use of curly braces in "autoscalex={no}"
    Error: undefined symbol in: "[no]"
Questionable use of curly braces in "labelallminor={no}"
    Error: undefined symbol in: "[no]"
Questionable use of curly braces in "alignleft={no}"
    Error: undefined symbol in: "[no]"
Questionable use of curly braces in "aligncenter={no}"
    Error: undefined symbol in: "[no]"
Questionable use of curly braces in "alignright={no}"
    Error: undefined symbol in: "[no]"
Questionable use of curly braces in "aligntop={no}"
    Error: undefined symbol in: "[no]"
Questionable use of curly braces in "alignmiddles={no}"
    Error: undefined symbol in: "[no]"
Questionable use of curly braces in "alignbottom={no}"
    Error: undefined symbol in: "[no]"
Questionable use of curly braces in "analysis={transient}"
    Error: undefined symbol in: "[transient]"
Questionable use of curly braces in "analysis={transient}"
    Error: undefined symbol in: "[transient]"
Questionable use of curly braces in "object={tag}"
    Error: undefined symbol in: "[tag]"
Questionable use of curly braces in "locked={true}"
    Error: undefined symbol in: "[true]"
Questionable use of curly braces in "endpoint={arrowf}"
    Error: undefined symbol in: "[arrowf]"
Questionable use of curly braces in "analysis={transient}"
    Error: undefined symbol in: "[transient]"
Questionable use of curly braces in "object={tag}"
    Error: undefined symbol in: "[tag]"
Questionable use of curly braces in "locked={true}"
    Error: undefined symbol in: "[true]"
Questionable use of curly braces in "endpoint={arrowf}"
    Error: undefined symbol in: "[arrowf]"
Questionable use of curly braces in "autotitle={yes}"
    Error: undefined symbol in: "[yes]"
Questionable use of curly braces in "grid pattern={dot6}"
    Error: undefined symbol in: "[dot6]"
Questionable use of curly braces in "curvefit pattern={dash}"
    Error: undefined symbol in: "[dash]"
Questionable use of curly braces in "static grids={false}"
    Error: undefined symbol in: "[false]"
Questionable use of curly braces in "plusmark={false}"
    Error: undefined symbol in: "[false]"
Questionable use of curly braces in "minorlog25={off}"
    Error: undefined symbol in: "[off]"
Questionable use of curly braces in "labelminor={off}"
    Error: undefined symbol in: "[off]"
Questionable use of curly braces in "datapoints={false}"
    Error: undefined symbol in: "[false]"
Questionable use of curly braces in "token={false}"
    Error: undefined symbol in: "[false]"
Questionable use of curly braces in "ruler={false}"
    Error: undefined symbol in: "[false]"
Questionable use of curly braces in "xaxisgrids={true}"
    Error: undefined symbol in: "[true]"
Questionable use of curly braces in "yaxisgrids={true}"
    Error: undefined symbol in: "[true]"
Questionable use of curly braces in "minorloggrids={true}"
    Error: undefined symbol in: "[true]"
Questionable use of curly braces in "baseline={false}"
    Error: undefined symbol in: "[false]"
Questionable use of curly braces in "alignz={true}"
    Error: undefined symbol in: "[true]"
Questionable use of curly braces in "align cursors={true}"
    Error: undefined symbol in: "[true]"
Questionable use of curly braces in "endmode={scale}"
    Error: undefined symbol in: "[scale]"
Questionable use of curly braces in "tracker intercept={false}"
    Error: undefined symbol in: "[false]"
Questionable use of curly braces in "tracker mouse={true}"
    Error: undefined symbol in: "[true]"
Questionable use of curly braces in "tracker cursor={true}"
    Error: undefined symbol in: "[true]"
Questionable use of curly braces in "tracker cursor branchinfo={false}"
    Error: undefined symbol in: "[false]"
Questionable use of curly braces in "horizontal cursor={false}"
    Error: undefined symbol in: "[false]"
Questionable use of curly braces in "same y scales={yes}"
    Error: undefined symbol in: "[yes]"
Questionable use of curly braces in "enable x scaling={true}"
    Error: undefined symbol in: "[true]"
Questionable use of curly braces in "enable y scaling={true}"
    Error: undefined symbol in: "[true]"
Questionable use of curly braces in "keep x scales the same={true}"
    Error: undefined symbol in: "[true]"
Questionable use of curly braces in "operpoint={true}"
    Error: undefined symbol in: "[true]"
Questionable use of curly braces in "autoscaleranges={true}"
    Error: undefined symbol in: "[true]"
Questionable use of curly braces in "fft_includedcharmonic={false}"
    Error: undefined symbol in: "[false]"
Questionable use of curly braces in "printerautotile={no}"
    Error: undefined symbol in: "[no]"
Questionable use of curly braces in "printerblackborder={no}"
    Error: undefined symbol in: "[no]"
Questionable use of curly braces in "animatewait={none}"
    Error: undefined symbol in: "[none]"
Questionable use of curly braces in "save_for_future={no}"
    Error: undefined symbol in: "[no]"
Questionable use of curly braces in "num out write={true}"
    Error: undefined symbol in: "[true]"
Questionable use of curly braces in "num out write main header={true}"
    Error: undefined symbol in: "[true]"
Questionable use of curly braces in "num out write limits={true}"
    Error: undefined symbol in: "[true]"
Questionable use of curly braces in "num out write branch header={true}"
    Error: undefined symbol in: "[true]"
Questionable use of curly braces in "num out write models={false}"
    Error: undefined symbol in: "[false]"
Questionable use of curly braces in "num out write zero models={true}"
    Error: undefined symbol in: "[true]"
Questionable use of curly braces in "num out write undefined models={true}"
    Error: undefined symbol in: "[true]"
Questionable use of curly braces in "num out write operating point={true}"
    Error: undefined symbol in: "[true]"
Questionable use of curly braces in "num out write measurement values={true}"
    Error: undefined symbol in: "[true]"
Questionable use of curly braces in "num out write tolerance detail={true}"
    Error: undefined symbol in: "[true]"
Questionable use of curly braces in "num out write noise={true}"
    Error: undefined symbol in: "[true]"
Questionable use of curly braces in "num out write values={true}"
    Error: undefined symbol in: "[true]"
Questionable use of curly braces in "num out write waveform header={true}"
    Error: undefined symbol in: "[true]"
Questionable use of curly braces in "num out allow dup y expr={false}"
    Error: undefined symbol in: "[false]"
Questionable use of curly braces in "num out hidenonselected={false}"
    Error: undefined symbol in: "[false]"
Questionable use of curly braces in "num out useactualdatapoints={false}"
    Error: undefined symbol in: "[false]"
Questionable use of curly braces in "autosavewave={false}"
    Error: undefined symbol in: "[false]"
Questionable use of curly braces in "print individual pages={false}"
    Error: undefined symbol in: "[false]"
Questionable use of curly braces in "pos={top}"
    Error: undefined symbol in: "[top]"
Questionable use of curly braces in "select={yes}"
    Error: undefined symbol in: "[yes]"
Questionable use of curly braces in "pan={yes}"
    Error: undefined symbol in: "[yes]"
Questionable use of curly braces in "graphic={yes}"
    Error: undefined symbol in: "[yes]"
Questionable use of curly braces in "line={no}"
    Error: undefined symbol in: "[no]"
Questionable use of curly braces in "ellipse={no}"
    Error: undefined symbol in: "[no]"
Questionable use of curly braces in "rect={no}"
    Error: undefined symbol in: "[no]"
Questionable use of curly braces in "diam={no}"
    Error: undefined symbol in: "[no]"
Questionable use of curly braces in "arc={no}"
    Error: undefined symbol in: "[no]"
Questionable use of curly braces in "pie={no}"
    Error: undefined symbol in: "[no]"
Questionable use of curly braces in "triangle={no}"
    Error: undefined symbol in: "[no]"
Questionable use of curly braces in "star={no}"
    Error: undefined symbol in: "[no]"
Questionable use of curly braces in "leftbrk={no}"
    Error: undefined symbol in: "[no]"
Questionable use of curly braces in "rightbrk={no}"
    Error: undefined symbol in: "[no]"
Questionable use of curly braces in "bothbrk={no}"
    Error: undefined symbol in: "[no]"
Questionable use of curly braces in "meta={no}"
    Error: undefined symbol in: "[no]"
Questionable use of curly braces in "parallelogram={no}"
    Error: undefined symbol in: "[no]"
Questionable use of curly braces in "polyclos={no}"
    Error: undefined symbol in: "[no]"
Questionable use of curly braces in "polyopen={no}"
    Error: undefined symbol in: "[no]"
Questionable use of curly braces in "scale={yes}"
    Error: undefined symbol in: "[yes]"
Questionable use of curly braces in "cursor={yes}"
    Error: undefined symbol in: "[yes]"
Questionable use of curly braces in "measureh={yes}"
    Error: undefined symbol in: "[yes]"
Questionable use of curly braces in "measurev={yes}"
    Error: undefined symbol in: "[yes]"
Questionable use of curly braces in "tag={yes}"
    Error: undefined symbol in: "[yes]"
Questionable use of curly braces in "ptag={yes}"
    Error: undefined symbol in: "[yes]"
Questionable use of curly braces in "text={yes}"
    Error: undefined symbol in: "[yes]"
Questionable use of curly braces in "property={yes}"
    Error: undefined symbol in: "[yes]"
Questionable use of curly braces in "start={yes}"
    Error: undefined symbol in: "[yes]"
Questionable use of curly braces in "stop={yes}"
    Error: undefined symbol in: "[yes]"
Questionable use of curly braces in "pause={yes}"
    Error: undefined symbol in: "[yes]"
Questionable use of curly braces in "resume={no}"
    Error: undefined symbol in: "[no]"
Questionable use of curly braces in "datapts={yes}"
    Error: undefined symbol in: "[yes]"
Questionable use of curly braces in "tokens={yes}"
    Error: undefined symbol in: "[yes]"
Questionable use of curly braces in "ruler={yes}"
    Error: undefined symbol in: "[yes]"
Questionable use of curly braces in "plus={yes}"
    Error: undefined symbol in: "[yes]"
Questionable use of curly braces in "xaxis={yes}"
    Error: undefined symbol in: "[yes]"
Questionable use of curly braces in "yaxis={yes}"
    Error: undefined symbol in: "[yes]"
Questionable use of curly braces in "minorlog={yes}"
    Error: undefined symbol in: "[yes]"
Questionable use of curly braces in "log25={yes}"
    Error: undefined symbol in: "[yes]"
Questionable use of curly braces in "baseline={yes}"
    Error: undefined symbol in: "[yes]"
Questionable use of curly braces in "horizcur={yes}"
    Error: undefined symbol in: "[yes]"
Questionable use of curly braces in "gotox={yes}"
    Error: undefined symbol in: "[yes]"
Questionable use of curly braces in "gotoy={yes}"
    Error: undefined symbol in: "[yes]"
Questionable use of curly braces in "gotoperf={yes}"
    Error: undefined symbol in: "[yes]"
Questionable use of curly braces in "gotobrnc={yes}"
    Error: undefined symbol in: "[yes]"
Questionable use of curly braces in "clear_accumulated={yes}"
    Error: undefined symbol in: "[yes]"
Questionable use of curly braces in "pdelete_all_plots={yes}"
    Error: undefined symbol in: "[yes]"
Questionable use of curly braces in "next={yes}"
    Error: undefined symbol in: "[yes]"
Questionable use of curly braces in "nextin={yes}"
    Error: undefined symbol in: "[yes]"
Questionable use of curly braces in "peak={yes}"
    Error: undefined symbol in: "[yes]"
Questionable use of curly braces in "valley={yes}"
    Error: undefined symbol in: "[yes]"
Questionable use of curly braces in "high={yes}"
    Error: undefined symbol in: "[yes]"
Questionable use of curly braces in "low={yes}"
    Error: undefined symbol in: "[yes]"
Questionable use of curly braces in "inflectn={yes}"
    Error: undefined symbol in: "[yes]"
Questionable use of curly braces in "ghigh={yes}"
    Error: undefined symbol in: "[yes]"
Questionable use of curly braces in "glow={yes}"
    Error: undefined symbol in: "[yes]"
Questionable use of curly braces in "bottom={yes}"
    Error: undefined symbol in: "[yes]"
Questionable use of curly braces in "top={yes}"
    Error: undefined symbol in: "[yes]"
Questionable use of curly braces in "waveformbuffer={yes}"
    Error: undefined symbol in: "[yes]"
Questionable use of curly braces in "aoutput={yes}"
    Error: undefined symbol in: "[yes]"
Questionable use of curly braces in "pkey={yes}"
    Error: undefined symbol in: "[yes]"
Questionable use of curly braces in "enxscale={yes}"
    Error: undefined symbol in: "[yes]"
Questionable use of curly braces in "enyscale={yes}"
    Error: undefined symbol in: "[yes]"
Questionable use of curly braces in "zoomin={yes}"
    Error: undefined symbol in: "[yes]"
Questionable use of curly braces in "zoomout={yes}"
    Error: undefined symbol in: "[yes]"
Questionable use of curly braces in "autoscale={yes}"
    Error: undefined symbol in: "[yes]"
Questionable use of curly braces in "restorescale={no}"
    Error: undefined symbol in: "[no]"
Questionable use of curly braces in "color={yes}"
    Error: undefined symbol in: "[yes]"
Questionable use of curly braces in "font={yes}"
    Error: undefined symbol in: "[yes]"
Questionable use of curly braces in "style={yes}"
    Error: undefined symbol in: "[yes]"
Questionable use of curly braces in "selnext={no}"
    Error: undefined symbol in: "[no]"
Questionable use of curly braces in "normalize={no}"
    Error: undefined symbol in: "[no]"
Questionable use of curly braces in "normalize_min={no}"
    Error: undefined symbol in: "[no]"
Questionable use of curly braces in "normalize_max={no}"
    Error: undefined symbol in: "[no]"
Questionable use of curly braces in "add_tag_left={no}"
    Error: undefined symbol in: "[no]"
Questionable use of curly braces in "add_tag_right={no}"
    Error: undefined symbol in: "[no]"
Questionable use of curly braces in "add_horz_tag={no}"
    Error: undefined symbol in: "[no]"
Questionable use of curly braces in "add_vert_tag={no}"
    Error: undefined symbol in: "[no]"
Questionable use of curly braces in "align_cursors={no}"
    Error: undefined symbol in: "[no]"
Questionable use of curly braces in "align_cursorsz={no}"
    Error: undefined symbol in: "[no]"
Questionable use of curly braces in "cursortoclipboard={no}"
    Error: undefined symbol in: "[no]"
Questionable use of curly braces in "tracker_cursor={no}"
    Error: undefined symbol in: "[no]"
Questionable use of curly braces in "tracker_cursor_branchinfo={no}"
    Error: undefined symbol in: "[no]"
Questionable use of curly braces in "tracker_intercept={no}"
    Error: undefined symbol in: "[no]"
Questionable use of curly braces in "tracker_mouse={no}"
    Error: undefined symbol in: "[no]"
Questionable use of curly braces in "tofront={yes}"
    Error: undefined symbol in: "[yes]"
Questionable use of curly braces in "toback={yes}"
    Error: undefined symbol in: "[yes]"
Questionable use of curly braces in "splitcirtexth={no}"
    Error: undefined symbol in: "[no]"
Questionable use of curly braces in "splitcirtextv={no}"
    Error: undefined symbol in: "[no]"
Questionable use of curly braces in "space_splitters_evenly={no}"
    Error: undefined symbol in: "[no]"
Questionable use of curly braces in "normalcir={no}"
    Error: undefined symbol in: "[no]"
Questionable use of curly braces in "label_waveform={no}"
    Error: undefined symbol in: "[no]"
Questionable use of curly braces in "label_data_points={no}"
    Error: undefined symbol in: "[no]"
Questionable use of curly braces in "wfb_add_to_limits={no}"
    Error: undefined symbol in: "[no]"
Questionable use of curly braces in "envelope={no}"
    Error: undefined symbol in: "[no]"
Questionable use of curly braces in "sameyscales={no}"
    Error: undefined symbol in: "[no]"
Questionable use of curly braces in "keepxscalesthesame={no}"
    Error: undefined symbol in: "[no]"
Questionable use of curly braces in "curvefit={no}"
    Error: undefined symbol in: "[no]"
Questionable use of curly braces in "add_marker={no}"
    Error: undefined symbol in: "[no]"
Questionable use of curly braces in "showwatch={no}"
    Error: undefined symbol in: "[no]"
Questionable use of curly braces in "bp={no}"
    Error: undefined symbol in: "[no]"
Questionable use of curly braces in "togglemode={no}"
    Error: undefined symbol in: "[no]"
Questionable use of curly braces in "removealltext={no}"
    Error: undefined symbol in: "[no]"
Questionable use of curly braces in "autoscalex={no}"
    Error: undefined symbol in: "[no]"
Questionable use of curly braces in "labelallminor={no}"
    Error: undefined symbol in: "[no]"
Questionable use of curly braces in "alignleft={no}"
    Error: undefined symbol in: "[no]"
Questionable use of curly braces in "aligncenter={no}"
    Error: undefined symbol in: "[no]"
Questionable use of curly braces in "alignright={no}"
    Error: undefined symbol in: "[no]"
Questionable use of curly braces in "aligntop={no}"
    Error: undefined symbol in: "[no]"
Questionable use of curly braces in "alignmiddles={no}"
    Error: undefined symbol in: "[no]"
Questionable use of curly braces in "alignbottom={no}"
    Error: undefined symbol in: "[no]"
Questionable use of curly braces in "analysis={ac}"
    Error: undefined symbol in: "[ac]"
Questionable use of curly braces in "analysis={ac}"
    Error: undefined symbol in: "[ac]"
Questionable use of curly braces in "object={tag}"
    Error: undefined symbol in: "[tag]"
Questionable use of curly braces in "locked={true}"
    Error: undefined symbol in: "[true]"
Questionable use of curly braces in "endpoint={arrowf}"
    Error: undefined symbol in: "[arrowf]"
Questionable use of curly braces in "analysis={ac}"
    Error: undefined symbol in: "[ac]"
Questionable use of curly braces in "object={tag}"
    Error: undefined symbol in: "[tag]"
Questionable use of curly braces in "locked={true}"
    Error: undefined symbol in: "[true]"
Questionable use of curly braces in "endpoint={arrowf}"
    Error: undefined symbol in: "[arrowf]"
Questionable use of curly braces in "analysis={ac}"
    Error: undefined symbol in: "[ac]"
Questionable use of curly braces in "object={tag}"
    Error: undefined symbol in: "[tag]"
Questionable use of curly braces in "locked={true}"
    Error: undefined symbol in: "[true]"
Questionable use of curly braces in "endpoint={arrowf}"
    Error: undefined symbol in: "[arrowf]"
Questionable use of curly braces in "analysis={ac}"
    Error: undefined symbol in: "[ac]"
Questionable use of curly braces in "object={tag}"
    Error: undefined symbol in: "[tag]"
Questionable use of curly braces in "locked={true}"
    Error: undefined symbol in: "[true]"
Questionable use of curly braces in "endpoint={arrowf}"
    Error: undefined symbol in: "[arrowf]"
Questionable use of curly braces in "analysis={transient}"
    Error: undefined symbol in: "[transient]"
Questionable use of curly braces in "status={off}"
    Error: undefined symbol in: "[off]"
Questionable use of curly braces in "zero tolerance={false}"
    Error: undefined symbol in: "[false]"
Questionable use of curly braces in "eliminate outliers={false}"
    Error: undefined symbol in: "[false]"
Questionable use of curly braces in "distribution={normal}"
    Error: undefined symbol in: "[normal]"
Questionable use of curly braces in "analysis={ac}"
    Error: undefined symbol in: "[ac]"
Questionable use of curly braces in "status={off}"
    Error: undefined symbol in: "[off]"
Questionable use of curly braces in "zero tolerance={false}"
    Error: undefined symbol in: "[false]"
Questionable use of curly braces in "eliminate outliers={false}"
    Error: undefined symbol in: "[false]"
Questionable use of curly braces in "distribution={normal}"
    Error: undefined symbol in: "[normal]"
Questionable use of curly braces in "analysis={transient}"
    Error: undefined symbol in: "[transient]"
Questionable use of curly braces in "statevar={zero}"
    Error: undefined symbol in: "[zero]"
Questionable use of curly braces in "runoption={normal}"
    Error: undefined symbol in: "[normal]"
Questionable use of curly braces in "accumulate plots={false}"
    Error: undefined symbol in: "[false]"
Questionable use of curly braces in "ignoreexprerrors={false}"
    Error: undefined symbol in: "[false]"
Questionable use of curly braces in "analysis={transient}"
    Error: undefined symbol in: "[transient]"
Questionable use of curly braces in "xexp={t}"
    Error: undefined symbol in: "[t]"
Questionable use of curly braces in "enable={enable}"
    Error: undefined symbol in: "[enable]"
Questionable use of curly braces in "rainbow={false}"
    Error: undefined symbol in: "[false]"
Questionable use of curly braces in "analysis={transient}"
    Error: undefined symbol in: "[transient]"
Questionable use of curly braces in "xexp={t}"
    Error: undefined symbol in: "[t]"
Questionable use of curly braces in "enable={enable}"
    Error: undefined symbol in: "[enable]"
Questionable use of curly braces in "rainbow={false}"
    Error: undefined symbol in: "[false]"
Questionable use of curly braces in "analysis={transient}"
    Error: undefined symbol in: "[transient]"
Questionable use of curly braces in "enable={enable}"
    Error: undefined symbol in: "[enable]"
Questionable use of curly braces in "rainbow={false}"
    Error: undefined symbol in: "[false]"
Questionable use of curly braces in "analysis={ac}"
    Error: undefined symbol in: "[ac]"
Questionable use of curly braces in "ninput={none}"
    Error: undefined symbol in: "[none]"
Questionable use of curly braces in "statevar={zero}"
    Error: undefined symbol in: "[zero]"
Questionable use of curly braces in "runoption={normal}"
    Error: undefined symbol in: "[normal]"
Questionable use of curly braces in "accumulate plots={false}"
    Error: undefined symbol in: "[false]"
Questionable use of curly braces in "ignoreexprerrors={false}"
    Error: undefined symbol in: "[false]"
Questionable use of curly braces in "firstvaluedisplay={mag}"
    Error: undefined symbol in: "[mag]"
Questionable use of curly braces in "secondvaluedisplay={phasedeg}"
    Error: undefined symbol in: "[phasedeg]"
Questionable use of curly braces in "displayvaluesinprobe={dc}"
    Error: undefined symbol in: "[dc]"
Questionable use of curly braces in "analysis={ac}"
    Error: undefined symbol in: "[ac]"
Questionable use of curly braces in "xexp={f}"
    Error: undefined symbol in: "[f]"
Questionable use of curly braces in "options={lineary}"
    Error: undefined symbol in: "[lineary]"
Questionable use of curly braces in "enable={enable}"
    Error: undefined symbol in: "[enable]"
Questionable use of curly braces in "rainbow={false}"
    Error: undefined symbol in: "[false]"
Questionable use of curly braces in "analysis={ac}"
    Error: undefined symbol in: "[ac]"
Questionable use of curly braces in "xexp={f}"
    Error: undefined symbol in: "[f]"
Questionable use of curly braces in "options={lineary}"
    Error: undefined symbol in: "[lineary]"
Questionable use of curly braces in "enable={enable}"
    Error: undefined symbol in: "[enable]"
Questionable use of curly braces in "rainbow={false}"
    Error: undefined symbol in: "[false]"
Questionable use of curly braces in "analysis={ac}"
    Error: undefined symbol in: "[ac]"
Questionable use of curly braces in "options={lineary}"
    Error: undefined symbol in: "[lineary]"
Questionable use of curly braces in "enable={enable}"
    Error: undefined symbol in: "[enable]"
Questionable use of curly braces in "rainbow={false}"
    Error: undefined symbol in: "[false]"
Questionable use of curly braces in "analysis={dynamicac}"
    Error: undefined symbol in: "[dynamicac]"
Questionable use of curly braces in "firstvaluedisplay={mag}"
    Error: undefined symbol in: "[mag]"
Questionable use of curly braces in "secondvaluedisplay={phasedeg}"
    Error: undefined symbol in: "[phasedeg]"
Questionable use of curly braces in "placetext={true}"
    Error: undefined symbol in: "[true]"
Questionable use of curly braces in "analysis={dynamicdc}"
    Error: undefined symbol in: "[dynamicdc]"
Questionable use of curly braces in "placetext={true}"
    Error: undefined symbol in: "[true]"
Questionable use of curly braces in "analysis={transient}"
    Error: undefined symbol in: "[transient]"
Questionable use of curly braces in "analysis={ac}"
    Error: undefined symbol in: "[ac]"
Questionable use of curly braces in "analysis={dc}"
    Error: undefined symbol in: "[dc]"
Questionable use of curly braces in "analysis={hmdistortion}"
    Error: undefined symbol in: "[hmdistortion]"
Questionable use of curly braces in "analysis={imdistortion}"
    Error: undefined symbol in: "[imdistortion]"
Questionable use of curly braces in "analysis={stability}"
    Error: undefined symbol in: "[stability]"
Questionable use of curly braces in "analysis={transient}"
    Error: undefined symbol in: "[transient]"
Questionable use of curly braces in "analysis={ac}"
    Error: undefined symbol in: "[ac]"
Questionable use of curly braces in "tol name={drift}"
    Error: undefined symbol in: "[drift]"
Questionable use of curly braces in "analysis={transient}"
    Error: undefined symbol in: "[transient]"
Questionable use of curly braces in "analysis={ac}"
    Error: undefined symbol in: "[ac]"
Questionable use of curly braces in "analysis={dc}"
    Error: undefined symbol in: "[dc]"
Questionable use of curly braces in "analysis={hmdistortion}"
    Error: undefined symbol in: "[hmdistortion]"
Questionable use of curly braces in "analysis={imdistortion}"
    Error: undefined symbol in: "[imdistortion]"
Questionable use of curly braces in "analysis={stability}"
    Error: undefined symbol in: "[stability]"
Questionable use of curly braces in "analysis={dynamicac}"
    Error: undefined symbol in: "[dynamicac]"
Questionable use of curly braces in "analysis={dynamicdc}"
    Error: undefined symbol in: "[dynamicdc]"
Fatal Error: Mutual Inductance card missing coupled inductor: key id=(demo)
